<?xml version="1.0" encoding="UTF-8"?>
<robot generator="Robot 5.0.1 (Python 3.7.5 on win32)" generated="20220720 11:40:11.151" rpa="false" schemaversion="3">
<suite id="s1" name="Robot Interactive Console" source="c:\Users\User\.vscode\extensions\robocorp.robotframework-lsp-0.48.2\src\robotframework_ls\vendored\robotframework_interactive\robot_interactive_console.robot">
<test id="s1-t1" name="Default Task/Test" line="5">
<kw name="Interpreter Main Loop" library="MainLoop">
<kw name="Ask for URL">
<var>${url}</var>
<msg timestamp="20220720 11:40:13.090" level="FAIL">No keyword with name 'Ask for URL' found.</msg>
<status status="FAIL" starttime="20220720 11:40:13.090" endtime="20220720 11:40:13.090"/>
</kw>
<kw name="Get Secret">
<var>${secret}</var>
<arg>secret_name=urls</arg>
<status status="NOT RUN" starttime="20220720 11:40:13.095" endtime="20220720 11:40:13.096"/>
</kw>
<kw name="Open the robot order website">
<arg>${url}</arg>
<status status="NOT RUN" starttime="20220720 11:40:13.100" endtime="20220720 11:40:13.101"/>
</kw>
<kw name="Get orders">
<var>${orders}</var>
<arg>${secret}[robo]</arg>
<status status="NOT RUN" starttime="20220720 11:40:13.104" endtime="20220720 11:40:13.104"/>
</kw>
<for flavor="IN">
<var>${row}</var>
<value>@{orders}</value>
<iter>
<var name="${row}"/>
<kw name="Close the annoying modal">
<status status="NOT RUN" starttime="20220720 11:40:13.106" endtime="20220720 11:40:13.106"/>
</kw>
<kw name="Fill the from">
<arg>${row}</arg>
<status status="NOT RUN" starttime="20220720 11:40:13.110" endtime="20220720 11:40:13.110"/>
</kw>
<kw name="Preview the robot">
<status status="NOT RUN" starttime="20220720 11:40:13.115" endtime="20220720 11:40:13.115"/>
</kw>
<kw name="Submit the order">
<status status="NOT RUN" starttime="20220720 11:40:13.118" endtime="20220720 11:40:13.118"/>
</kw>
<kw name="Store the receipt as a PDF file">
<var>${pdf}</var>
<arg>${row}[Order number]</arg>
<status status="NOT RUN" starttime="20220720 11:40:13.121" endtime="20220720 11:40:13.121"/>
</kw>
<kw name="Take a screenshot of the robot">
<var>${screenshot}</var>
<arg>${row}[Order number]</arg>
<status status="NOT RUN" starttime="20220720 11:40:13.125" endtime="20220720 11:40:13.125"/>
</kw>
<kw name="Embed the robot screenshot to the receipt PDF file">
<arg>${screenshot}</arg>
<arg>${pdf}</arg>
<status status="NOT RUN" starttime="20220720 11:40:13.128" endtime="20220720 11:40:13.129"/>
</kw>
<kw name="Go to order another robot">
<status status="NOT RUN" starttime="20220720 11:40:13.131" endtime="20220720 11:40:13.131"/>
</kw>
<status status="NOT RUN" starttime="20220720 11:40:13.104" endtime="20220720 11:40:13.131"/>
</iter>
<status status="NOT RUN" starttime="20220720 11:40:13.104" endtime="20220720 11:40:13.132"/>
</for>
<kw name="Create a ZIP file of the receipts">
<status status="NOT RUN" starttime="20220720 11:40:13.135" endtime="20220720 11:40:13.135"/>
</kw>
<kw name="Clean up">
<status status="NOT RUN" starttime="20220720 11:40:13.137" endtime="20220720 11:40:13.137"/>
</kw>
<status status="PASS" starttime="20220720 11:40:11.282" endtime="20220720 11:40:14.022"/>
</kw>
<status status="PASS" starttime="20220720 11:40:11.281" endtime="20220720 11:40:14.023"/>
</test>
<status status="PASS" starttime="20220720 11:40:11.156" endtime="20220720 11:40:14.024"/>
</suite>
<statistics>
<total>
<stat pass="1" fail="0" skip="0">All Tests</stat>
</total>
<tag>
</tag>
<suite>
<stat pass="1" fail="0" skip="0" id="s1" name="Robot Interactive Console">Robot Interactive Console</stat>
</suite>
</statistics>
<errors>
</errors>
</robot>
